Build started 11/1/2015 4:20:37 PM.
     1>Project "D:\GitHub\GUI_IMAGE\GUI_IMAGE\GUI_IMAGE.vcxproj" on node 2 (build target(s)).
     1>InitializeBuildStatus:
         Creating "Debug\GUI_IMAGE.unsuccessfulbuild" because "AlwaysCreate" was specified.
       ClCompile:
         All outputs are up-to-date.
         C:\Program Files (x86)\Microsoft Visual Studio 10.0\VC\bin\CL.exe /c /ID:\opencv247\build\x86\vc10\..\..\include /ZI /nologo /W3 /WX- /Od /Oy- /D WIN32 /D _WINDOWS /D _DEBUG /D _UNICODE /D UNICODE /D _AFXDLL /Gm /EHsc /RTC1 /MDd /GS /fp:precise /Zc:wchar_t /Zc:forScope /Yu"StdAfx.h" /Fp"Debug\GUI_IMAGE.pch" /Fo"Debug\\" /Fd"Debug\vc100.pdb" /Gd /TP /analyze- /errorReport:prompt GUI_IMAGEDlg.cpp
         GUI_IMAGEDlg.cpp
     1>c:\opencv247\build\include\opencv2\flann\logger.h(66): warning C4996: 'fopen': This function or variable may be unsafe. Consider using fopen_s instead. To disable deprecation, use _CRT_SECURE_NO_WARNINGS. See online help for details.
                 c:\program files (x86)\microsoft visual studio 10.0\vc\include\stdio.h(234) : see declaration of 'fopen'
     1>c:\opencv247\build\include\opencv2\legacy\blobtrack.hpp(187): warning C4996: 'strcpy': This function or variable may be unsafe. Consider using strcpy_s instead. To disable deprecation, use _CRT_SECURE_NO_WARNINGS. See online help for details.
                 c:\program files (x86)\microsoft visual studio 10.0\vc\include\string.h(105) : see declaration of 'strcpy'
     1>c:\opencv247\build\include\opencv2\legacy\blobtrack.hpp(256): warning C4996: 'strcat': This function or variable may be unsafe. Consider using strcat_s instead. To disable deprecation, use _CRT_SECURE_NO_WARNINGS. See online help for details.
                 c:\program files (x86)\microsoft visual studio 10.0\vc\include\string.h(110) : see declaration of 'strcat'
     1>d:\github\gui_image\gui_image\gui_imagedlg.cpp(495): warning C4018: '<' : signed/unsigned mismatch
     1>d:\github\gui_image\gui_image\gui_imagedlg.cpp(563): warning C4244: 'argument' : conversion from 'double' to 'int', possible loss of data
     1>d:\github\gui_image\gui_image\gui_imagedlg.cpp(563): warning C4244: 'argument' : conversion from 'double' to 'int', possible loss of data
     1>d:\github\gui_image\gui_image\gui_imagedlg.cpp(563): warning C4244: 'argument' : conversion from 'double' to 'int', possible loss of data
     1>d:\github\gui_image\gui_image\gui_imagedlg.cpp(583): warning C4244: 'initializing' : conversion from 'float' to 'int', possible loss of data
       ResourceCompile:
         All outputs are up-to-date.
       ManifestResourceCompile:
         All outputs are up-to-date.
       Link:
         C:\Program Files (x86)\Microsoft Visual Studio 10.0\VC\bin\link.exe /ERRORREPORT:PROMPT /OUT:"D:\GitHub\GUI_IMAGE\Debug\GUI_IMAGE.exe" /INCREMENTAL /NOLOGO /LIBPATH:D:\opencv247\build\x86\vc10\lib /LIBPATH:D:\opencv247\build\x86\vc10\bin opencv_calib3d249d.lib opencv_contrib249d.lib opencv_core249d.lib opencv_features2d249d.lib opencv_flann249d.lib opencv_gpu249d.lib opencv_highgui249d.lib opencv_imgproc249d.lib opencv_legacy249d.lib opencv_ml249d.lib opencv_nonfree249d.lib opencv_objdetect249d.lib opencv_ocl249d.lib opencv_photo249d.lib opencv_stitching249d.lib opencv_superres249d.lib opencv_ts249d.lib opencv_video249d.lib opencv_videostab249d.lib /MANIFEST /ManifestFile:"Debug\GUI_IMAGE.exe.intermediate.manifest" /MANIFESTUAC:"level='asInvoker' uiAccess='false'" /DEBUG /PDB:"D:\GitHub\GUI_IMAGE\Debug\GUI_IMAGE.pdb" /SUBSYSTEM:WINDOWS /TLBID:1 /ENTRY:"wWinMainCRTStartup" /DYNAMICBASE /NXCOMPAT /IMPLIB:"D:\GitHub\GUI_IMAGE\Debug\GUI_IMAGE.lib" /MACHINE:X86 Debug\GUI_IMAGE.res
         Debug\GUI_IMAGE.exe.embed.manifest.res
         Debug\GUI_IMAGE.obj
         Debug\GUI_IMAGEDlg.obj
         Debug\stdafx.obj
         Debug\CLI.obj
         Debug\ConsoleInput.obj
         Debug\GUIUtils.obj
         Debug\BowVocabulary.obj
         Debug\DetectorEvaluationResult.obj
         Debug\ImageAnalysis.obj
         Debug\ImageClassifier.obj
         Debug\ImageClassifierANN.obj
         Debug\ImageClassifierBayes.obj
         Debug\ImageClassifierBoost.obj
         Debug\ImageClassifierDecisionTrees.obj
         Debug\ImageClassifierExtremelyRandomizedTrees.obj
         Debug\ImageClassifierGradientBoostingTrees.obj
         Debug\ImageClassifierKNN.obj
         Debug\ImageClassifierRandomTrees.obj
         Debug\ImageClassifierSVM.obj
         Debug\ImageDetector.obj
         Debug\ImageDetectorSlidingWindow.obj
         Debug\ImagePreprocessor.obj
         Debug\ImageUtils.obj
         Debug\PerformanceTimer.obj
         Debug\TimeUtils.obj
       Manifest:
         C:\Program Files (x86)\Microsoft SDKs\Windows\v7.0A\bin\mt.exe /nologo /verbose /out:"Debug\GUI_IMAGE.exe.embed.manifest" /manifest Debug\GUI_IMAGE.exe.intermediate.manifest "C:\Program Files (x86)\Microsoft Visual Studio 10.0\VC\Include\Manifest\dpiaware.manifest"
         All outputs are up-to-date.
       LinkEmbedManifest:
         All outputs are up-to-date.
         GUI_IMAGE.vcxproj -> D:\GitHub\GUI_IMAGE\Debug\GUI_IMAGE.exe
       FinalizeBuildStatus:
         Deleting file "Debug\GUI_IMAGE.unsuccessfulbuild".
         Touching "Debug\GUI_IMAGE.lastbuildstate".
     1>Done Building Project "D:\GitHub\GUI_IMAGE\GUI_IMAGE\GUI_IMAGE.vcxproj" (build target(s)).

Build succeeded.

Time Elapsed 00:00:02.74
