D:\GITHUB\GUI_IMAGE\GUI_IMAGE\DEBUG\BOWVOCABULARY.OBJ
D:\GitHub\GUI_IMAGE\GUI_IMAGE\Debug\cl.command.1.tlog
D:\GitHub\GUI_IMAGE\GUI_IMAGE\Debug\CL.read.1.tlog
D:\GitHub\GUI_IMAGE\GUI_IMAGE\Debug\CL.write.1.tlog
D:\GITHUB\GUI_IMAGE\GUI_IMAGE\DEBUG\CLI.OBJ
D:\GITHUB\GUI_IMAGE\GUI_IMAGE\DEBUG\DETECTOREVALUATIONRESULT.OBJ
D:\GITHUB\GUI_IMAGE\GUI_IMAGE\DEBUG\GUI_IMAGE.OBJ
D:\GITHUB\GUI_IMAGE\GUI_IMAGE\DEBUG\GUI_IMAGE.PCH
D:\GITHUB\GUI_IMAGE\GUI_IMAGE\DEBUG\GUI_IMAGEDLG.OBJ
D:\GITHUB\GUI_IMAGE\GUI_IMAGE\DEBUG\GUIUTILS.OBJ
D:\GITHUB\GUI_IMAGE\GUI_IMAGE\DEBUG\IMAGEANALYSIS.OBJ
D:\GITHUB\GUI_IMAGE\GUI_IMAGE\DEBUG\IMAGECLASSIFIER.OBJ
D:\GITHUB\GUI_IMAGE\GUI_IMAGE\DEBUG\IMAGECLASSIFIERANN.OBJ
D:\GITHUB\GUI_IMAGE\GUI_IMAGE\DEBUG\IMAGECLASSIFIERBAYES.OBJ
D:\GITHUB\GUI_IMAGE\GUI_IMAGE\DEBUG\IMAGECLASSIFIERBOOST.OBJ
D:\GITHUB\GUI_IMAGE\GUI_IMAGE\DEBUG\IMAGECLASSIFIERDECISIONTREES.OBJ
D:\GITHUB\GUI_IMAGE\GUI_IMAGE\DEBUG\IMAGECLASSIFIEREXTREMELYRANDOMIZEDTREES.OBJ
D:\GITHUB\GUI_IMAGE\GUI_IMAGE\DEBUG\IMAGECLASSIFIERGRADIENTBOOSTINGTREES.OBJ
D:\GITHUB\GUI_IMAGE\GUI_IMAGE\DEBUG\IMAGECLASSIFIERKNN.OBJ
D:\GITHUB\GUI_IMAGE\GUI_IMAGE\DEBUG\IMAGECLASSIFIERRANDOMTREES.OBJ
D:\GITHUB\GUI_IMAGE\GUI_IMAGE\DEBUG\IMAGECLASSIFIERSVM.OBJ
D:\GITHUB\GUI_IMAGE\GUI_IMAGE\DEBUG\IMAGEDETECTOR.OBJ
D:\GITHUB\GUI_IMAGE\GUI_IMAGE\DEBUG\IMAGEDETECTORSLIDINGWINDOW.OBJ
D:\GITHUB\GUI_IMAGE\GUI_IMAGE\DEBUG\IMAGEPREPROCESSOR.OBJ
D:\GITHUB\GUI_IMAGE\GUI_IMAGE\DEBUG\IMAGEUTILS.OBJ
D:\GITHUB\GUI_IMAGE\GUI_IMAGE\DEBUG\PERFORMANCETIMER.OBJ
D:\GITHUB\GUI_IMAGE\GUI_IMAGE\DEBUG\STDAFX.OBJ
D:\GITHUB\GUI_IMAGE\GUI_IMAGE\DEBUG\TIMEUTILS.OBJ
D:\GitHub\GUI_IMAGE\GUI_IMAGE\Debug\vc100.idb
D:\GITHUB\GUI_IMAGE\GUI_IMAGE\DEBUG\VC100.PDB
